<?xml version="1.0" encoding="UTF-8"?>
<!-- Generated by org.testng.reporters.JUnitReportReporter -->
<testsuite hostname="LIN-5CG134BV6Z" failures="0" tests="1" name="MsgRunner.TestRunner" time="23.832" errors="0" timestamp="2024-04-18T10:05:19 IST" skipped="0">
  <testcase classname="MsgRunner.TestRunner" name="runScenario" time="23.832"/>
</testsuite> <!-- MsgRunner.TestRunner -->
